<?xml version="1.0" encoding="UTF-8"?>
<testsuite name="ClientTest" tests="4" skipped="0" failures="0" errors="0" timestamp="2017-02-28T14:59:32" hostname="alice-HP-EliteBook-8460p" time="0.13">
  <properties/>
  <testcase name="getId_clientsInstiateWithAnId_1" classname="ClientTest" time="0.039"/>
  <testcase name="save_saveStylistIdIntoDB_true" classname="ClientTest" time="0.041"/>
  <testcase name="client_getClientName_String" classname="ClientTest" time="0.008"/>
  <testcase name="delete_deletesClients_true" classname="ClientTest" time="0.042"/>
  <system-out><![CDATA[]]></system-out>
  <system-err><![CDATA[]]></system-err>
</testsuite>
