<?xml version="1.0" encoding="UTF-8"?>
<testsuite name="StylistTest" tests="4" skipped="0" failures="0" errors="0" timestamp="2017-02-27T11:29:20" hostname="alice-HP-EliteBook-8460p" time="0.54">
  <properties/>
  <testcase name="equals_returnsTrueIfNamesAretheSame" classname="StylistTest" time="0.246"/>
  <testcase name="save_returnTrueIfNameAretheSame" classname="StylistTest" time="0.151"/>
  <testcase name="find_returnsStylistSameId_secondStylist" classname="StylistTest" time="0.073"/>
  <testcase name="delete_deletesStylist_true" classname="StylistTest" time="0.06"/>
  <system-out><![CDATA[]]></system-out>
  <system-err><![CDATA[]]></system-err>
</testsuite>
